2019-10-28 17:53:41,510:INFO: Loading the datasets...
2019-10-28 17:54:42,906:INFO: Loading the datasets...
2019-10-28 18:09:32,059:INFO: Loading the datasets...
2019-10-28 18:09:34,946:INFO: - done.
2019-10-28 18:09:39,275:INFO: Experiment - model version: alexnet_studentB
2019-10-28 18:09:39,275:INFO: Starting training for 100 epoch(s)
2019-10-28 18:09:39,275:INFO: First, loading the teacher model and computing its outputs...
2019-10-28 18:09:47,126:INFO: - Finished computing teacher outputs after 8 secs..
2019-10-28 18:09:47,127:INFO: Epoch 1/100
2019-10-28 18:09:53,989:INFO: - Train metrics: accuracy: 0.270 ; loss: 1.684
2019-10-28 18:09:55,169:INFO: - Eval metrics : accuracy: 0.420 ; loss: 1.529
2019-10-28 18:09:55,202:INFO: - Found new best accuracy
2019-10-28 18:09:55,203:INFO: Epoch 2/100
2019-10-28 18:10:02,033:INFO: - Train metrics: accuracy: 0.426 ; loss: 1.658
2019-10-28 18:10:03,237:INFO: - Eval metrics : accuracy: 0.508 ; loss: 1.490
2019-10-28 18:10:03,312:INFO: - Found new best accuracy
2019-10-28 18:10:03,312:INFO: Epoch 3/100
2019-10-28 18:10:10,386:INFO: - Train metrics: accuracy: 0.424 ; loss: 1.653
2019-10-28 18:10:11,564:INFO: - Eval metrics : accuracy: 0.423 ; loss: 1.515
2019-10-28 18:10:11,611:INFO: Epoch 4/100
2019-10-28 18:10:18,580:INFO: - Train metrics: accuracy: 0.506 ; loss: 1.636
2019-10-28 18:10:19,761:INFO: - Eval metrics : accuracy: 0.566 ; loss: 1.408
2019-10-28 18:10:19,825:INFO: - Found new best accuracy
2019-10-28 18:10:19,838:INFO: Epoch 5/100
2019-10-28 18:10:26,783:INFO: - Train metrics: accuracy: 0.566 ; loss: 1.638
2019-10-28 18:10:27,934:INFO: - Eval metrics : accuracy: 0.586 ; loss: 1.409
2019-10-28 18:10:28,005:INFO: - Found new best accuracy
2019-10-28 18:10:28,012:INFO: Epoch 6/100
2019-10-28 18:10:35,060:INFO: - Train metrics: accuracy: 0.574 ; loss: 1.634
2019-10-28 18:10:36,210:INFO: - Eval metrics : accuracy: 0.626 ; loss: 1.393
2019-10-28 18:10:36,280:INFO: - Found new best accuracy
2019-10-28 18:10:36,289:INFO: Epoch 7/100
2019-10-28 18:10:43,201:INFO: - Train metrics: accuracy: 0.555 ; loss: 1.647
2019-10-28 18:10:44,382:INFO: - Eval metrics : accuracy: 0.628 ; loss: 1.371
2019-10-28 18:10:44,452:INFO: - Found new best accuracy
2019-10-28 18:10:44,461:INFO: Epoch 8/100
2019-10-28 18:10:51,330:INFO: - Train metrics: accuracy: 0.584 ; loss: 1.622
2019-10-28 18:10:52,490:INFO: - Eval metrics : accuracy: 0.648 ; loss: 1.391
2019-10-28 18:10:52,553:INFO: - Found new best accuracy
2019-10-28 18:10:52,565:INFO: Epoch 9/100
2019-10-28 18:10:59,567:INFO: - Train metrics: accuracy: 0.600 ; loss: 1.624
2019-10-28 18:11:00,720:INFO: - Eval metrics : accuracy: 0.658 ; loss: 1.354
2019-10-28 18:11:00,791:INFO: - Found new best accuracy
2019-10-28 18:11:00,799:INFO: Epoch 10/100
2019-10-28 18:11:07,737:INFO: - Train metrics: accuracy: 0.572 ; loss: 1.632
2019-10-28 18:11:08,894:INFO: - Eval metrics : accuracy: 0.654 ; loss: 1.362
2019-10-28 18:11:08,943:INFO: Epoch 11/100
2019-10-28 18:11:15,814:INFO: - Train metrics: accuracy: 0.559 ; loss: 1.633
2019-10-28 18:11:16,969:INFO: - Eval metrics : accuracy: 0.667 ; loss: 1.359
2019-10-28 18:11:17,033:INFO: - Found new best accuracy
2019-10-28 18:11:17,045:INFO: Epoch 12/100
2019-10-28 18:11:23,941:INFO: - Train metrics: accuracy: 0.656 ; loss: 1.609
2019-10-28 18:11:25,124:INFO: - Eval metrics : accuracy: 0.670 ; loss: 1.359
2019-10-28 18:11:25,194:INFO: - Found new best accuracy
2019-10-28 18:11:25,203:INFO: Epoch 13/100
2019-10-28 18:11:32,092:INFO: - Train metrics: accuracy: 0.658 ; loss: 1.617
2019-10-28 18:11:33,263:INFO: - Eval metrics : accuracy: 0.696 ; loss: 1.339
2019-10-28 18:11:33,334:INFO: - Found new best accuracy
2019-10-28 18:11:33,350:INFO: Epoch 14/100
2019-10-28 18:11:40,275:INFO: - Train metrics: accuracy: 0.658 ; loss: 1.621
2019-10-28 18:11:41,421:INFO: - Eval metrics : accuracy: 0.685 ; loss: 1.326
2019-10-28 18:11:41,475:INFO: Epoch 15/100
2019-10-28 18:11:48,389:INFO: - Train metrics: accuracy: 0.656 ; loss: 1.619
2019-10-28 18:11:49,562:INFO: - Eval metrics : accuracy: 0.699 ; loss: 1.330
2019-10-28 18:11:49,645:INFO: - Found new best accuracy
2019-10-28 18:11:49,660:INFO: Epoch 16/100
2019-10-28 18:11:56,560:INFO: - Train metrics: accuracy: 0.668 ; loss: 1.606
2019-10-28 18:11:57,715:INFO: - Eval metrics : accuracy: 0.663 ; loss: 1.316
2019-10-28 18:11:57,769:INFO: Epoch 17/100
2019-10-28 18:12:04,642:INFO: - Train metrics: accuracy: 0.652 ; loss: 1.613
2019-10-28 18:12:05,805:INFO: - Eval metrics : accuracy: 0.707 ; loss: 1.312
2019-10-28 18:12:05,886:INFO: - Found new best accuracy
2019-10-28 18:12:05,906:INFO: Epoch 18/100
2019-10-28 18:12:12,816:INFO: - Train metrics: accuracy: 0.695 ; loss: 1.611
2019-10-28 18:12:13,983:INFO: - Eval metrics : accuracy: 0.712 ; loss: 1.312
2019-10-28 18:12:14,053:INFO: - Found new best accuracy
2019-10-28 18:12:14,062:INFO: Epoch 19/100
2019-10-28 18:12:21,011:INFO: - Train metrics: accuracy: 0.646 ; loss: 1.609
2019-10-28 18:12:22,183:INFO: - Eval metrics : accuracy: 0.719 ; loss: 1.322
2019-10-28 18:12:22,253:INFO: - Found new best accuracy
2019-10-28 18:12:22,262:INFO: Epoch 20/100
2019-10-28 18:12:29,157:INFO: - Train metrics: accuracy: 0.699 ; loss: 1.604
2019-10-28 18:12:30,329:INFO: - Eval metrics : accuracy: 0.702 ; loss: 1.339
2019-10-28 18:12:30,376:INFO: Epoch 21/100
2019-10-28 18:12:37,236:INFO: - Train metrics: accuracy: 0.666 ; loss: 1.630
2019-10-28 18:12:38,405:INFO: - Eval metrics : accuracy: 0.728 ; loss: 1.298
2019-10-28 18:12:38,475:INFO: - Found new best accuracy
2019-10-28 18:12:38,483:INFO: Epoch 22/100
2019-10-28 18:12:45,363:INFO: - Train metrics: accuracy: 0.703 ; loss: 1.621
2019-10-28 18:12:46,524:INFO: - Eval metrics : accuracy: 0.735 ; loss: 1.318
2019-10-28 18:12:46,598:INFO: - Found new best accuracy
2019-10-28 18:12:46,598:INFO: Epoch 23/100
2019-10-28 18:12:53,576:INFO: - Train metrics: accuracy: 0.705 ; loss: 1.621
2019-10-28 18:12:54,727:INFO: - Eval metrics : accuracy: 0.725 ; loss: 1.320
2019-10-28 18:12:54,774:INFO: Epoch 24/100
2019-10-28 18:13:01,688:INFO: - Train metrics: accuracy: 0.705 ; loss: 1.631
2019-10-28 18:13:02,845:INFO: - Eval metrics : accuracy: 0.741 ; loss: 1.305
2019-10-28 18:13:02,915:INFO: - Found new best accuracy
2019-10-28 18:13:02,924:INFO: Epoch 25/100
2019-10-28 18:13:09,872:INFO: - Train metrics: accuracy: 0.684 ; loss: 1.607
2019-10-28 18:13:11,035:INFO: - Eval metrics : accuracy: 0.730 ; loss: 1.296
2019-10-28 18:13:11,090:INFO: Epoch 26/100
2019-10-28 18:13:17,986:INFO: - Train metrics: accuracy: 0.695 ; loss: 1.612
2019-10-28 18:13:19,153:INFO: - Eval metrics : accuracy: 0.731 ; loss: 1.303
2019-10-28 18:13:19,199:INFO: Epoch 27/100
2019-10-28 18:13:26,124:INFO: - Train metrics: accuracy: 0.684 ; loss: 1.619
2019-10-28 18:13:27,288:INFO: - Eval metrics : accuracy: 0.746 ; loss: 1.314
2019-10-28 18:13:27,361:INFO: - Found new best accuracy
2019-10-28 18:13:27,370:INFO: Epoch 28/100
2019-10-28 18:13:34,224:INFO: - Train metrics: accuracy: 0.756 ; loss: 1.603
2019-10-28 18:13:35,389:INFO: - Eval metrics : accuracy: 0.726 ; loss: 1.296
2019-10-28 18:13:35,436:INFO: Epoch 29/100
2019-10-28 18:13:42,348:INFO: - Train metrics: accuracy: 0.697 ; loss: 1.596
2019-10-28 18:13:43,493:INFO: - Eval metrics : accuracy: 0.752 ; loss: 1.292
2019-10-28 18:13:43,566:INFO: - Found new best accuracy
2019-10-28 18:13:43,575:INFO: Epoch 30/100
2019-10-28 18:13:50,464:INFO: - Train metrics: accuracy: 0.662 ; loss: 1.629
2019-10-28 18:13:51,643:INFO: - Eval metrics : accuracy: 0.760 ; loss: 1.275
2019-10-28 18:13:51,706:INFO: - Found new best accuracy
2019-10-28 18:13:51,718:INFO: Epoch 31/100
2019-10-28 18:13:58,566:INFO: - Train metrics: accuracy: 0.723 ; loss: 1.615
2019-10-28 18:13:59,722:INFO: - Eval metrics : accuracy: 0.758 ; loss: 1.287
2019-10-28 18:13:59,769:INFO: Epoch 32/100
2019-10-28 18:14:06,743:INFO: - Train metrics: accuracy: 0.693 ; loss: 1.608
2019-10-28 18:14:07,909:INFO: - Eval metrics : accuracy: 0.753 ; loss: 1.284
2019-10-28 18:14:07,956:INFO: Epoch 33/100
2019-10-28 18:14:14,871:INFO: - Train metrics: accuracy: 0.689 ; loss: 1.611
2019-10-28 18:14:16,043:INFO: - Eval metrics : accuracy: 0.751 ; loss: 1.296
2019-10-28 18:14:16,090:INFO: Epoch 34/100
2019-10-28 18:14:23,042:INFO: - Train metrics: accuracy: 0.709 ; loss: 1.596
2019-10-28 18:14:24,229:INFO: - Eval metrics : accuracy: 0.766 ; loss: 1.288
2019-10-28 18:14:24,291:INFO: - Found new best accuracy
2019-10-28 18:14:24,303:INFO: Epoch 35/100
2019-10-28 18:14:31,213:INFO: - Train metrics: accuracy: 0.727 ; loss: 1.599
2019-10-28 18:14:32,367:INFO: - Eval metrics : accuracy: 0.760 ; loss: 1.279
2019-10-28 18:14:32,414:INFO: Epoch 36/100
2019-10-28 18:14:39,293:INFO: - Train metrics: accuracy: 0.697 ; loss: 1.611
2019-10-28 18:14:40,459:INFO: - Eval metrics : accuracy: 0.763 ; loss: 1.288
2019-10-28 18:14:40,505:INFO: Epoch 37/100
2019-10-28 18:14:47,428:INFO: - Train metrics: accuracy: 0.742 ; loss: 1.600
2019-10-28 18:14:48,591:INFO: - Eval metrics : accuracy: 0.769 ; loss: 1.266
2019-10-28 18:14:48,662:INFO: - Found new best accuracy
2019-10-28 18:14:48,671:INFO: Epoch 38/100
2019-10-28 18:14:55,578:INFO: - Train metrics: accuracy: 0.760 ; loss: 1.602
2019-10-28 18:14:56,748:INFO: - Eval metrics : accuracy: 0.768 ; loss: 1.270
2019-10-28 18:14:56,799:INFO: Epoch 39/100
2019-10-28 18:15:03,697:INFO: - Train metrics: accuracy: 0.742 ; loss: 1.606
2019-10-28 18:15:04,870:INFO: - Eval metrics : accuracy: 0.772 ; loss: 1.284
2019-10-28 18:15:04,963:INFO: - Found new best accuracy
2019-10-28 18:15:04,963:INFO: Epoch 40/100
2019-10-28 18:15:11,875:INFO: - Train metrics: accuracy: 0.746 ; loss: 1.597
2019-10-28 18:15:13,029:INFO: - Eval metrics : accuracy: 0.763 ; loss: 1.305
2019-10-28 18:15:13,085:INFO: Epoch 41/100
2019-10-28 18:15:19,968:INFO: - Train metrics: accuracy: 0.734 ; loss: 1.604
2019-10-28 18:15:21,135:INFO: - Eval metrics : accuracy: 0.769 ; loss: 1.269
2019-10-28 18:15:21,197:INFO: Epoch 42/100
2019-10-28 18:15:28,097:INFO: - Train metrics: accuracy: 0.738 ; loss: 1.616
2019-10-28 18:15:29,283:INFO: - Eval metrics : accuracy: 0.763 ; loss: 1.264
2019-10-28 18:15:29,328:INFO: Epoch 43/100
2019-10-28 18:15:36,252:INFO: - Train metrics: accuracy: 0.766 ; loss: 1.621
2019-10-28 18:15:37,423:INFO: - Eval metrics : accuracy: 0.777 ; loss: 1.278
2019-10-28 18:15:37,517:INFO: - Found new best accuracy
2019-10-28 18:15:37,518:INFO: Epoch 44/100
2019-10-28 18:15:44,459:INFO: - Train metrics: accuracy: 0.754 ; loss: 1.607
2019-10-28 18:15:45,614:INFO: - Eval metrics : accuracy: 0.768 ; loss: 1.281
2019-10-28 18:15:45,663:INFO: Epoch 45/100
2019-10-28 18:15:52,626:INFO: - Train metrics: accuracy: 0.725 ; loss: 1.621
2019-10-28 18:15:53,798:INFO: - Eval metrics : accuracy: 0.770 ; loss: 1.279
2019-10-28 18:15:53,845:INFO: Epoch 46/100
2019-10-28 18:16:00,749:INFO: - Train metrics: accuracy: 0.719 ; loss: 1.605
2019-10-28 18:16:01,913:INFO: - Eval metrics : accuracy: 0.777 ; loss: 1.271
2019-10-28 18:16:01,983:INFO: - Found new best accuracy
2019-10-28 18:16:01,994:INFO: Epoch 47/100
2019-10-28 18:16:08,986:INFO: - Train metrics: accuracy: 0.771 ; loss: 1.603
2019-10-28 18:16:10,151:INFO: - Eval metrics : accuracy: 0.783 ; loss: 1.280
2019-10-28 18:16:10,220:INFO: - Found new best accuracy
2019-10-28 18:16:10,229:INFO: Epoch 48/100
2019-10-28 18:16:17,082:INFO: - Train metrics: accuracy: 0.787 ; loss: 1.611
2019-10-28 18:16:18,243:INFO: - Eval metrics : accuracy: 0.792 ; loss: 1.289
2019-10-28 18:16:18,314:INFO: - Found new best accuracy
2019-10-28 18:16:18,323:INFO: Epoch 49/100
2019-10-28 18:16:25,210:INFO: - Train metrics: accuracy: 0.752 ; loss: 1.608
2019-10-28 18:16:26,373:INFO: - Eval metrics : accuracy: 0.792 ; loss: 1.269
2019-10-28 18:16:26,443:INFO: - Found new best accuracy
2019-10-28 18:16:26,452:INFO: Epoch 50/100
2019-10-28 18:16:33,300:INFO: - Train metrics: accuracy: 0.766 ; loss: 1.598
2019-10-28 18:16:34,480:INFO: - Eval metrics : accuracy: 0.783 ; loss: 1.269
2019-10-28 18:16:34,528:INFO: Epoch 51/100
2019-10-28 18:16:41,487:INFO: - Train metrics: accuracy: 0.768 ; loss: 1.607
2019-10-28 18:16:42,640:INFO: - Eval metrics : accuracy: 0.792 ; loss: 1.267
2019-10-28 18:16:42,704:INFO: - Found new best accuracy
2019-10-28 18:16:42,716:INFO: Epoch 52/100
2019-10-28 18:16:49,636:INFO: - Train metrics: accuracy: 0.781 ; loss: 1.597
2019-10-28 18:16:50,807:INFO: - Eval metrics : accuracy: 0.783 ; loss: 1.272
2019-10-28 18:16:50,855:INFO: Epoch 53/100
2019-10-28 18:16:57,762:INFO: - Train metrics: accuracy: 0.740 ; loss: 1.599
2019-10-28 18:16:58,944:INFO: - Eval metrics : accuracy: 0.786 ; loss: 1.271
2019-10-28 18:16:58,990:INFO: Epoch 54/100
2019-10-28 18:17:05,831:INFO: - Train metrics: accuracy: 0.742 ; loss: 1.597
2019-10-28 18:17:07,012:INFO: - Eval metrics : accuracy: 0.786 ; loss: 1.260
2019-10-28 18:17:07,059:INFO: Epoch 55/100
2019-10-28 18:17:14,105:INFO: - Train metrics: accuracy: 0.756 ; loss: 1.599
2019-10-28 18:17:15,272:INFO: - Eval metrics : accuracy: 0.792 ; loss: 1.252
2019-10-28 18:17:15,319:INFO: Epoch 56/100
2019-10-28 18:17:22,277:INFO: - Train metrics: accuracy: 0.740 ; loss: 1.608
2019-10-28 18:17:23,460:INFO: - Eval metrics : accuracy: 0.794 ; loss: 1.261
2019-10-28 18:17:23,530:INFO: - Found new best accuracy
2019-10-28 18:17:23,539:INFO: Epoch 57/100
2019-10-28 18:17:30,443:INFO: - Train metrics: accuracy: 0.756 ; loss: 1.616
2019-10-28 18:17:31,605:INFO: - Eval metrics : accuracy: 0.780 ; loss: 1.269
2019-10-28 18:17:31,652:INFO: Epoch 58/100
2019-10-28 18:17:38,555:INFO: - Train metrics: accuracy: 0.756 ; loss: 1.598
2019-10-28 18:17:39,743:INFO: - Eval metrics : accuracy: 0.806 ; loss: 1.279
2019-10-28 18:17:39,835:INFO: - Found new best accuracy
2019-10-28 18:17:39,836:INFO: Epoch 59/100
2019-10-28 18:17:46,733:INFO: - Train metrics: accuracy: 0.762 ; loss: 1.608
2019-10-28 18:17:47,902:INFO: - Eval metrics : accuracy: 0.804 ; loss: 1.274
2019-10-28 18:17:47,949:INFO: Epoch 60/100
2019-10-28 18:17:54,895:INFO: - Train metrics: accuracy: 0.783 ; loss: 1.619
2019-10-28 18:17:56,055:INFO: - Eval metrics : accuracy: 0.797 ; loss: 1.251
2019-10-28 18:17:56,102:INFO: Epoch 61/100
2019-10-28 18:18:03,015:INFO: - Train metrics: accuracy: 0.758 ; loss: 1.599
2019-10-28 18:18:04,178:INFO: - Eval metrics : accuracy: 0.793 ; loss: 1.272
2019-10-28 18:18:04,225:INFO: Epoch 62/100
2019-10-28 18:18:11,118:INFO: - Train metrics: accuracy: 0.748 ; loss: 1.597
2019-10-28 18:18:12,282:INFO: - Eval metrics : accuracy: 0.797 ; loss: 1.277
2019-10-28 18:18:12,328:INFO: Epoch 63/100
2019-10-28 18:18:19,301:INFO: - Train metrics: accuracy: 0.770 ; loss: 1.606
2019-10-28 18:18:20,469:INFO: - Eval metrics : accuracy: 0.805 ; loss: 1.270
2019-10-28 18:18:20,517:INFO: Epoch 64/100
2019-10-28 18:18:27,459:INFO: - Train metrics: accuracy: 0.762 ; loss: 1.607
2019-10-28 18:18:28,630:INFO: - Eval metrics : accuracy: 0.795 ; loss: 1.289
2019-10-28 18:18:28,676:INFO: Epoch 65/100
2019-10-28 18:18:35,562:INFO: - Train metrics: accuracy: 0.768 ; loss: 1.591
2019-10-28 18:18:36,745:INFO: - Eval metrics : accuracy: 0.795 ; loss: 1.273
2019-10-28 18:18:36,792:INFO: Epoch 66/100
2019-10-28 18:18:43,694:INFO: - Train metrics: accuracy: 0.781 ; loss: 1.594
2019-10-28 18:18:44,844:INFO: - Eval metrics : accuracy: 0.810 ; loss: 1.260
2019-10-28 18:18:44,915:INFO: - Found new best accuracy
2019-10-28 18:18:44,924:INFO: Epoch 67/100
2019-10-28 18:18:51,770:INFO: - Train metrics: accuracy: 0.783 ; loss: 1.605
2019-10-28 18:18:52,932:INFO: - Eval metrics : accuracy: 0.805 ; loss: 1.255
2019-10-28 18:18:52,978:INFO: Epoch 68/100
2019-10-28 18:18:59,799:INFO: - Train metrics: accuracy: 0.766 ; loss: 1.597
2019-10-28 18:19:00,953:INFO: - Eval metrics : accuracy: 0.799 ; loss: 1.264
2019-10-28 18:19:00,999:INFO: Epoch 69/100
2019-10-28 18:19:07,887:INFO: - Train metrics: accuracy: 0.760 ; loss: 1.608
2019-10-28 18:19:09,064:INFO: - Eval metrics : accuracy: 0.792 ; loss: 1.262
2019-10-28 18:19:09,111:INFO: Epoch 70/100
2019-10-28 18:19:16,036:INFO: - Train metrics: accuracy: 0.762 ; loss: 1.611
2019-10-28 18:19:17,221:INFO: - Eval metrics : accuracy: 0.804 ; loss: 1.260
2019-10-28 18:19:17,266:INFO: Epoch 71/100
2019-10-28 18:19:24,261:INFO: - Train metrics: accuracy: 0.783 ; loss: 1.606
2019-10-28 18:19:25,432:INFO: - Eval metrics : accuracy: 0.809 ; loss: 1.263
2019-10-28 18:19:25,480:INFO: Epoch 72/100
2019-10-28 18:19:32,424:INFO: - Train metrics: accuracy: 0.779 ; loss: 1.595
2019-10-28 18:19:33,599:INFO: - Eval metrics : accuracy: 0.798 ; loss: 1.271
2019-10-28 18:19:33,646:INFO: Epoch 73/100
2019-10-28 18:19:40,584:INFO: - Train metrics: accuracy: 0.766 ; loss: 1.611
2019-10-28 18:19:41,752:INFO: - Eval metrics : accuracy: 0.803 ; loss: 1.245
2019-10-28 18:19:41,799:INFO: Epoch 74/100
2019-10-28 18:19:48,694:INFO: - Train metrics: accuracy: 0.789 ; loss: 1.593
2019-10-28 18:19:49,868:INFO: - Eval metrics : accuracy: 0.795 ; loss: 1.257
2019-10-28 18:19:49,917:INFO: Epoch 75/100
2019-10-28 18:19:56,870:INFO: - Train metrics: accuracy: 0.824 ; loss: 1.594
2019-10-28 18:19:58,033:INFO: - Eval metrics : accuracy: 0.803 ; loss: 1.241
2019-10-28 18:19:58,081:INFO: Epoch 76/100
2019-10-28 18:20:05,122:INFO: - Train metrics: accuracy: 0.793 ; loss: 1.597
2019-10-28 18:20:06,281:INFO: - Eval metrics : accuracy: 0.796 ; loss: 1.271
2019-10-28 18:20:06,330:INFO: Epoch 77/100
2019-10-28 18:20:13,308:INFO: - Train metrics: accuracy: 0.791 ; loss: 1.598
2019-10-28 18:20:14,487:INFO: - Eval metrics : accuracy: 0.810 ; loss: 1.270
2019-10-28 18:20:14,548:INFO: - Found new best accuracy
2019-10-28 18:20:14,561:INFO: Epoch 78/100
2019-10-28 18:20:21,464:INFO: - Train metrics: accuracy: 0.797 ; loss: 1.610
2019-10-28 18:20:22,643:INFO: - Eval metrics : accuracy: 0.798 ; loss: 1.277
2019-10-28 18:20:22,690:INFO: Epoch 79/100
2019-10-28 18:20:29,631:INFO: - Train metrics: accuracy: 0.787 ; loss: 1.598
2019-10-28 18:20:30,787:INFO: - Eval metrics : accuracy: 0.803 ; loss: 1.243
2019-10-28 18:20:30,834:INFO: Epoch 80/100
2019-10-28 18:20:37,734:INFO: - Train metrics: accuracy: 0.781 ; loss: 1.610
2019-10-28 18:20:38,899:INFO: - Eval metrics : accuracy: 0.800 ; loss: 1.264
2019-10-28 18:20:38,946:INFO: Epoch 81/100
2019-10-28 18:20:45,832:INFO: - Train metrics: accuracy: 0.764 ; loss: 1.601
2019-10-28 18:20:46,988:INFO: - Eval metrics : accuracy: 0.814 ; loss: 1.271
2019-10-28 18:20:47,059:INFO: - Found new best accuracy
2019-10-28 18:20:47,068:INFO: Epoch 82/100
2019-10-28 18:20:53,940:INFO: - Train metrics: accuracy: 0.811 ; loss: 1.596
2019-10-28 18:20:55,129:INFO: - Eval metrics : accuracy: 0.817 ; loss: 1.256
2019-10-28 18:20:55,191:INFO: - Found new best accuracy
2019-10-28 18:20:55,204:INFO: Epoch 83/100
2019-10-28 18:21:02,181:INFO: - Train metrics: accuracy: 0.789 ; loss: 1.588
2019-10-28 18:21:03,348:INFO: - Eval metrics : accuracy: 0.810 ; loss: 1.244
2019-10-28 18:21:03,396:INFO: Epoch 84/100
2019-10-28 18:21:10,316:INFO: - Train metrics: accuracy: 0.793 ; loss: 1.595
2019-10-28 18:21:11,494:INFO: - Eval metrics : accuracy: 0.811 ; loss: 1.272
2019-10-28 18:21:11,540:INFO: Epoch 85/100
2019-10-28 18:21:18,455:INFO: - Train metrics: accuracy: 0.801 ; loss: 1.596
2019-10-28 18:21:19,619:INFO: - Eval metrics : accuracy: 0.808 ; loss: 1.261
2019-10-28 18:21:19,666:INFO: Epoch 86/100
2019-10-28 18:21:26,551:INFO: - Train metrics: accuracy: 0.785 ; loss: 1.600
2019-10-28 18:21:27,727:INFO: - Eval metrics : accuracy: 0.810 ; loss: 1.247
2019-10-28 18:21:27,762:INFO: Epoch 87/100
2019-10-28 18:21:34,755:INFO: - Train metrics: accuracy: 0.822 ; loss: 1.601
2019-10-28 18:21:35,923:INFO: - Eval metrics : accuracy: 0.816 ; loss: 1.242
2019-10-28 18:21:35,972:INFO: Epoch 88/100
2019-10-28 18:21:42,843:INFO: - Train metrics: accuracy: 0.779 ; loss: 1.606
2019-10-28 18:21:44,025:INFO: - Eval metrics : accuracy: 0.811 ; loss: 1.266
2019-10-28 18:21:44,072:INFO: Epoch 89/100
2019-10-28 18:21:50,953:INFO: - Train metrics: accuracy: 0.803 ; loss: 1.595
2019-10-28 18:21:52,122:INFO: - Eval metrics : accuracy: 0.803 ; loss: 1.251
2019-10-28 18:21:52,173:INFO: Epoch 90/100
2019-10-28 18:21:59,114:INFO: - Train metrics: accuracy: 0.805 ; loss: 1.607
2019-10-28 18:22:00,288:INFO: - Eval metrics : accuracy: 0.819 ; loss: 1.248
2019-10-28 18:22:00,359:INFO: - Found new best accuracy
2019-10-28 18:22:00,368:INFO: Epoch 91/100
2019-10-28 18:22:07,329:INFO: - Train metrics: accuracy: 0.822 ; loss: 1.593
2019-10-28 18:22:08,500:INFO: - Eval metrics : accuracy: 0.805 ; loss: 1.271
2019-10-28 18:22:08,546:INFO: Epoch 92/100
2019-10-28 18:22:15,469:INFO: - Train metrics: accuracy: 0.811 ; loss: 1.591
2019-10-28 18:22:16,629:INFO: - Eval metrics : accuracy: 0.811 ; loss: 1.265
2019-10-28 18:22:16,678:INFO: Epoch 93/100
2019-10-28 18:22:23,638:INFO: - Train metrics: accuracy: 0.809 ; loss: 1.595
2019-10-28 18:22:24,804:INFO: - Eval metrics : accuracy: 0.818 ; loss: 1.261
2019-10-28 18:22:24,851:INFO: Epoch 94/100
2019-10-28 18:22:31,828:INFO: - Train metrics: accuracy: 0.797 ; loss: 1.592
2019-10-28 18:22:32,992:INFO: - Eval metrics : accuracy: 0.818 ; loss: 1.258
2019-10-28 18:22:33,039:INFO: Epoch 95/100
2019-10-28 18:22:39,999:INFO: - Train metrics: accuracy: 0.791 ; loss: 1.593
2019-10-28 18:22:41,206:INFO: - Eval metrics : accuracy: 0.815 ; loss: 1.258
2019-10-28 18:22:41,253:INFO: Epoch 96/100
2019-10-28 18:22:48,168:INFO: - Train metrics: accuracy: 0.812 ; loss: 1.600
2019-10-28 18:22:49,347:INFO: - Eval metrics : accuracy: 0.815 ; loss: 1.247
2019-10-28 18:22:49,396:INFO: Epoch 97/100
2019-10-28 18:22:56,320:INFO: - Train metrics: accuracy: 0.807 ; loss: 1.586
2019-10-28 18:22:57,504:INFO: - Eval metrics : accuracy: 0.823 ; loss: 1.247
2019-10-28 18:22:57,574:INFO: - Found new best accuracy
2019-10-28 18:22:57,583:INFO: Epoch 98/100
2019-10-28 18:23:04,574:INFO: - Train metrics: accuracy: 0.814 ; loss: 1.597
2019-10-28 18:23:05,735:INFO: - Eval metrics : accuracy: 0.820 ; loss: 1.236
2019-10-28 18:23:05,782:INFO: Epoch 99/100
2019-10-28 18:23:12,747:INFO: - Train metrics: accuracy: 0.812 ; loss: 1.604
2019-10-28 18:23:13,914:INFO: - Eval metrics : accuracy: 0.822 ; loss: 1.246
2019-10-28 18:23:13,961:INFO: Epoch 100/100
2019-10-28 18:23:20,824:INFO: - Train metrics: accuracy: 0.807 ; loss: 1.586
2019-10-28 18:23:21,980:INFO: - Eval metrics : accuracy: 0.833 ; loss: 1.237
2019-10-28 18:23:22,051:INFO: - Found new best accuracy
