2019-10-28 18:23:25,644:INFO: Loading the datasets...
2019-10-28 18:23:28,533:INFO: - done.
2019-10-28 18:23:32,879:INFO: Experiment - model version: alexnet_studentB
2019-10-28 18:23:32,880:INFO: Starting training for 100 epoch(s)
2019-10-28 18:23:32,880:INFO: First, loading the teacher model and computing its outputs...
2019-10-28 18:23:40,768:INFO: - Finished computing teacher outputs after 8 secs..
2019-10-28 18:23:40,769:INFO: Epoch 1/100
2019-10-28 18:23:47,737:INFO: - Train metrics: accuracy: 0.240 ; loss: 2.282
2019-10-28 18:23:48,888:INFO: - Eval metrics : accuracy: 0.411 ; loss: 2.313
2019-10-28 18:23:48,930:INFO: - Found new best accuracy
2019-10-28 18:23:48,930:INFO: Epoch 2/100
2019-10-28 18:23:55,939:INFO: - Train metrics: accuracy: 0.395 ; loss: 2.262
2019-10-28 18:23:57,093:INFO: - Eval metrics : accuracy: 0.446 ; loss: 2.295
2019-10-28 18:23:57,161:INFO: - Found new best accuracy
2019-10-28 18:23:57,162:INFO: Epoch 3/100
2019-10-28 18:24:04,076:INFO: - Train metrics: accuracy: 0.432 ; loss: 2.255
2019-10-28 18:24:05,238:INFO: - Eval metrics : accuracy: 0.444 ; loss: 2.301
2019-10-28 18:24:05,279:INFO: Epoch 4/100
2019-10-28 18:24:12,205:INFO: - Train metrics: accuracy: 0.473 ; loss: 2.240
2019-10-28 18:24:13,369:INFO: - Eval metrics : accuracy: 0.548 ; loss: 2.223
2019-10-28 18:24:13,438:INFO: - Found new best accuracy
2019-10-28 18:24:13,452:INFO: Epoch 5/100
2019-10-28 18:24:20,380:INFO: - Train metrics: accuracy: 0.510 ; loss: 2.245
2019-10-28 18:24:21,541:INFO: - Eval metrics : accuracy: 0.552 ; loss: 2.226
2019-10-28 18:24:21,609:INFO: - Found new best accuracy
2019-10-28 18:24:21,619:INFO: Epoch 6/100
2019-10-28 18:24:28,491:INFO: - Train metrics: accuracy: 0.520 ; loss: 2.242
2019-10-28 18:24:29,652:INFO: - Eval metrics : accuracy: 0.542 ; loss: 2.215
2019-10-28 18:24:29,699:INFO: Epoch 7/100
2019-10-28 18:24:36,676:INFO: - Train metrics: accuracy: 0.508 ; loss: 2.260
2019-10-28 18:24:37,850:INFO: - Eval metrics : accuracy: 0.573 ; loss: 2.188
2019-10-28 18:24:37,920:INFO: - Found new best accuracy
2019-10-28 18:24:37,929:INFO: Epoch 8/100
2019-10-28 18:24:44,900:INFO: - Train metrics: accuracy: 0.562 ; loss: 2.224
2019-10-28 18:24:46,104:INFO: - Eval metrics : accuracy: 0.615 ; loss: 2.201
2019-10-28 18:24:46,175:INFO: - Found new best accuracy
2019-10-28 18:24:46,184:INFO: Epoch 9/100
2019-10-28 18:24:53,197:INFO: - Train metrics: accuracy: 0.559 ; loss: 2.230
2019-10-28 18:24:54,378:INFO: - Eval metrics : accuracy: 0.623 ; loss: 2.144
2019-10-28 18:24:54,448:INFO: - Found new best accuracy
2019-10-28 18:24:54,457:INFO: Epoch 10/100
2019-10-28 18:25:01,493:INFO: - Train metrics: accuracy: 0.557 ; loss: 2.224
2019-10-28 18:25:02,655:INFO: - Eval metrics : accuracy: 0.623 ; loss: 2.149
2019-10-28 18:25:02,726:INFO: - Found new best accuracy
2019-10-28 18:25:02,735:INFO: Epoch 11/100
2019-10-28 18:25:09,638:INFO: - Train metrics: accuracy: 0.516 ; loss: 2.241
2019-10-28 18:25:10,805:INFO: - Eval metrics : accuracy: 0.648 ; loss: 2.132
2019-10-28 18:25:10,868:INFO: - Found new best accuracy
2019-10-28 18:25:10,881:INFO: Epoch 12/100
2019-10-28 18:25:17,812:INFO: - Train metrics: accuracy: 0.629 ; loss: 2.206
2019-10-28 18:25:18,972:INFO: - Eval metrics : accuracy: 0.651 ; loss: 2.124
2019-10-28 18:25:19,040:INFO: - Found new best accuracy
2019-10-28 18:25:19,049:INFO: Epoch 13/100
2019-10-28 18:25:26,114:INFO: - Train metrics: accuracy: 0.631 ; loss: 2.214
2019-10-28 18:25:27,270:INFO: - Eval metrics : accuracy: 0.687 ; loss: 2.129
2019-10-28 18:25:27,339:INFO: - Found new best accuracy
2019-10-28 18:25:27,348:INFO: Epoch 14/100
2019-10-28 18:25:34,289:INFO: - Train metrics: accuracy: 0.623 ; loss: 2.225
2019-10-28 18:25:35,440:INFO: - Eval metrics : accuracy: 0.656 ; loss: 2.125
2019-10-28 18:25:35,487:INFO: Epoch 15/100
2019-10-28 18:25:42,345:INFO: - Train metrics: accuracy: 0.600 ; loss: 2.218
2019-10-28 18:25:43,521:INFO: - Eval metrics : accuracy: 0.679 ; loss: 2.100
2019-10-28 18:25:43,584:INFO: Epoch 16/100
2019-10-28 18:25:50,503:INFO: - Train metrics: accuracy: 0.650 ; loss: 2.207
2019-10-28 18:25:51,686:INFO: - Eval metrics : accuracy: 0.664 ; loss: 2.087
2019-10-28 18:25:51,722:INFO: Epoch 17/100
2019-10-28 18:25:58,644:INFO: - Train metrics: accuracy: 0.621 ; loss: 2.214
2019-10-28 18:25:59,809:INFO: - Eval metrics : accuracy: 0.688 ; loss: 2.095
2019-10-28 18:25:59,891:INFO: - Found new best accuracy
2019-10-28 18:25:59,906:INFO: Epoch 18/100
2019-10-28 18:26:06,818:INFO: - Train metrics: accuracy: 0.643 ; loss: 2.211
2019-10-28 18:26:07,981:INFO: - Eval metrics : accuracy: 0.693 ; loss: 2.095
2019-10-28 18:26:08,064:INFO: - Found new best accuracy
2019-10-28 18:26:08,079:INFO: Epoch 19/100
2019-10-28 18:26:15,045:INFO: - Train metrics: accuracy: 0.641 ; loss: 2.195
2019-10-28 18:26:16,220:INFO: - Eval metrics : accuracy: 0.695 ; loss: 2.117
2019-10-28 18:26:16,295:INFO: - Found new best accuracy
2019-10-28 18:26:16,304:INFO: Epoch 20/100
2019-10-28 18:26:23,233:INFO: - Train metrics: accuracy: 0.668 ; loss: 2.212
2019-10-28 18:26:24,385:INFO: - Eval metrics : accuracy: 0.661 ; loss: 2.121
2019-10-28 18:26:24,436:INFO: Epoch 21/100
2019-10-28 18:26:31,402:INFO: - Train metrics: accuracy: 0.609 ; loss: 2.228
2019-10-28 18:26:32,572:INFO: - Eval metrics : accuracy: 0.704 ; loss: 2.069
2019-10-28 18:26:32,642:INFO: - Found new best accuracy
2019-10-28 18:26:32,651:INFO: Epoch 22/100
2019-10-28 18:26:39,620:INFO: - Train metrics: accuracy: 0.676 ; loss: 2.219
2019-10-28 18:26:40,788:INFO: - Eval metrics : accuracy: 0.709 ; loss: 2.105
2019-10-28 18:26:40,872:INFO: - Found new best accuracy
2019-10-28 18:26:40,881:INFO: Epoch 23/100
2019-10-28 18:26:47,776:INFO: - Train metrics: accuracy: 0.676 ; loss: 2.220
2019-10-28 18:26:48,942:INFO: - Eval metrics : accuracy: 0.712 ; loss: 2.082
2019-10-28 18:26:49,012:INFO: - Found new best accuracy
2019-10-28 18:26:49,021:INFO: Epoch 24/100
2019-10-28 18:26:55,949:INFO: - Train metrics: accuracy: 0.670 ; loss: 2.217
2019-10-28 18:26:57,119:INFO: - Eval metrics : accuracy: 0.722 ; loss: 2.098
2019-10-28 18:26:57,189:INFO: - Found new best accuracy
2019-10-28 18:26:57,198:INFO: Epoch 25/100
2019-10-28 18:27:04,171:INFO: - Train metrics: accuracy: 0.678 ; loss: 2.205
2019-10-28 18:27:05,336:INFO: - Eval metrics : accuracy: 0.714 ; loss: 2.075
2019-10-28 18:27:05,378:INFO: Epoch 26/100
2019-10-28 18:27:12,235:INFO: - Train metrics: accuracy: 0.680 ; loss: 2.221
2019-10-28 18:27:13,384:INFO: - Eval metrics : accuracy: 0.716 ; loss: 2.072
2019-10-28 18:27:13,431:INFO: Epoch 27/100
2019-10-28 18:27:20,397:INFO: - Train metrics: accuracy: 0.670 ; loss: 2.217
2019-10-28 18:27:21,556:INFO: - Eval metrics : accuracy: 0.723 ; loss: 2.095
2019-10-28 18:27:21,626:INFO: - Found new best accuracy
2019-10-28 18:27:21,635:INFO: Epoch 28/100
2019-10-28 18:27:28,518:INFO: - Train metrics: accuracy: 0.713 ; loss: 2.201
2019-10-28 18:27:29,680:INFO: - Eval metrics : accuracy: 0.710 ; loss: 2.050
2019-10-28 18:27:29,728:INFO: Epoch 29/100
2019-10-28 18:27:36,607:INFO: - Train metrics: accuracy: 0.686 ; loss: 2.189
2019-10-28 18:27:37,766:INFO: - Eval metrics : accuracy: 0.735 ; loss: 2.050
2019-10-28 18:27:37,831:INFO: - Found new best accuracy
2019-10-28 18:27:37,844:INFO: Epoch 30/100
2019-10-28 18:27:44,693:INFO: - Train metrics: accuracy: 0.691 ; loss: 2.225
2019-10-28 18:27:45,855:INFO: - Eval metrics : accuracy: 0.742 ; loss: 2.048
2019-10-28 18:27:45,926:INFO: - Found new best accuracy
2019-10-28 18:27:45,935:INFO: Epoch 31/100
2019-10-28 18:27:52,810:INFO: - Train metrics: accuracy: 0.695 ; loss: 2.213
2019-10-28 18:27:53,960:INFO: - Eval metrics : accuracy: 0.748 ; loss: 2.049
2019-10-28 18:27:54,035:INFO: - Found new best accuracy
2019-10-28 18:27:54,044:INFO: Epoch 32/100
2019-10-28 18:28:01,024:INFO: - Train metrics: accuracy: 0.705 ; loss: 2.204
2019-10-28 18:28:02,194:INFO: - Eval metrics : accuracy: 0.739 ; loss: 2.037
2019-10-28 18:28:02,241:INFO: Epoch 33/100
2019-10-28 18:28:09,176:INFO: - Train metrics: accuracy: 0.701 ; loss: 2.196
2019-10-28 18:28:10,346:INFO: - Eval metrics : accuracy: 0.741 ; loss: 2.077
2019-10-28 18:28:10,396:INFO: Epoch 34/100
2019-10-28 18:28:17,263:INFO: - Train metrics: accuracy: 0.684 ; loss: 2.182
2019-10-28 18:28:18,434:INFO: - Eval metrics : accuracy: 0.750 ; loss: 2.057
2019-10-28 18:28:18,496:INFO: - Found new best accuracy
2019-10-28 18:28:18,509:INFO: Epoch 35/100
2019-10-28 18:28:25,403:INFO: - Train metrics: accuracy: 0.701 ; loss: 2.204
2019-10-28 18:28:26,557:INFO: - Eval metrics : accuracy: 0.743 ; loss: 2.047
2019-10-28 18:28:26,607:INFO: Epoch 36/100
2019-10-28 18:28:33,535:INFO: - Train metrics: accuracy: 0.697 ; loss: 2.211
2019-10-28 18:28:34,684:INFO: - Eval metrics : accuracy: 0.749 ; loss: 2.048
2019-10-28 18:28:34,732:INFO: Epoch 37/100
2019-10-28 18:28:41,561:INFO: - Train metrics: accuracy: 0.740 ; loss: 2.196
2019-10-28 18:28:42,723:INFO: - Eval metrics : accuracy: 0.738 ; loss: 2.059
2019-10-28 18:28:42,770:INFO: Epoch 38/100
2019-10-28 18:28:49,697:INFO: - Train metrics: accuracy: 0.742 ; loss: 2.202
2019-10-28 18:28:50,851:INFO: - Eval metrics : accuracy: 0.741 ; loss: 2.065
2019-10-28 18:28:50,898:INFO: Epoch 39/100
2019-10-28 18:28:57,774:INFO: - Train metrics: accuracy: 0.732 ; loss: 2.190
2019-10-28 18:28:58,949:INFO: - Eval metrics : accuracy: 0.755 ; loss: 2.047
2019-10-28 18:28:59,023:INFO: - Found new best accuracy
2019-10-28 18:28:59,037:INFO: Epoch 40/100
2019-10-28 18:29:05,940:INFO: - Train metrics: accuracy: 0.715 ; loss: 2.186
2019-10-28 18:29:07,108:INFO: - Eval metrics : accuracy: 0.756 ; loss: 2.057
2019-10-28 18:29:07,177:INFO: - Found new best accuracy
2019-10-28 18:29:07,186:INFO: Epoch 41/100
2019-10-28 18:29:14,128:INFO: - Train metrics: accuracy: 0.689 ; loss: 2.207
2019-10-28 18:29:15,288:INFO: - Eval metrics : accuracy: 0.738 ; loss: 2.048
2019-10-28 18:29:15,338:INFO: Epoch 42/100
2019-10-28 18:29:22,254:INFO: - Train metrics: accuracy: 0.734 ; loss: 2.218
2019-10-28 18:29:23,407:INFO: - Eval metrics : accuracy: 0.760 ; loss: 2.026
2019-10-28 18:29:23,474:INFO: - Found new best accuracy
2019-10-28 18:29:23,475:INFO: Epoch 43/100
2019-10-28 18:29:30,360:INFO: - Train metrics: accuracy: 0.734 ; loss: 2.221
2019-10-28 18:29:31,547:INFO: - Eval metrics : accuracy: 0.755 ; loss: 2.057
2019-10-28 18:29:31,594:INFO: Epoch 44/100
2019-10-28 18:29:38,468:INFO: - Train metrics: accuracy: 0.730 ; loss: 2.215
2019-10-28 18:29:39,636:INFO: - Eval metrics : accuracy: 0.750 ; loss: 2.058
2019-10-28 18:29:39,683:INFO: Epoch 45/100
2019-10-28 18:29:46,590:INFO: - Train metrics: accuracy: 0.711 ; loss: 2.220
2019-10-28 18:29:47,754:INFO: - Eval metrics : accuracy: 0.756 ; loss: 2.069
2019-10-28 18:29:47,800:INFO: Epoch 46/100
2019-10-28 18:29:54,692:INFO: - Train metrics: accuracy: 0.729 ; loss: 2.203
2019-10-28 18:29:55,855:INFO: - Eval metrics : accuracy: 0.767 ; loss: 2.044
2019-10-28 18:29:55,927:INFO: - Found new best accuracy
2019-10-28 18:29:55,936:INFO: Epoch 47/100
2019-10-28 18:30:02,991:INFO: - Train metrics: accuracy: 0.742 ; loss: 2.205
2019-10-28 18:30:04,171:INFO: - Eval metrics : accuracy: 0.751 ; loss: 2.030
2019-10-28 18:30:04,218:INFO: Epoch 48/100
2019-10-28 18:30:11,111:INFO: - Train metrics: accuracy: 0.754 ; loss: 2.219
2019-10-28 18:30:12,274:INFO: - Eval metrics : accuracy: 0.769 ; loss: 2.045
2019-10-28 18:30:12,345:INFO: - Found new best accuracy
2019-10-28 18:30:12,354:INFO: Epoch 49/100
2019-10-28 18:30:19,253:INFO: - Train metrics: accuracy: 0.750 ; loss: 2.200
2019-10-28 18:30:20,417:INFO: - Eval metrics : accuracy: 0.758 ; loss: 2.061
2019-10-28 18:30:20,463:INFO: Epoch 50/100
2019-10-28 18:30:27,484:INFO: - Train metrics: accuracy: 0.756 ; loss: 2.203
2019-10-28 18:30:28,679:INFO: - Eval metrics : accuracy: 0.756 ; loss: 2.048
2019-10-28 18:30:28,726:INFO: Epoch 51/100
2019-10-28 18:30:35,743:INFO: - Train metrics: accuracy: 0.758 ; loss: 2.206
2019-10-28 18:30:36,916:INFO: - Eval metrics : accuracy: 0.769 ; loss: 2.040
2019-10-28 18:30:36,962:INFO: Epoch 52/100
2019-10-28 18:30:43,886:INFO: - Train metrics: accuracy: 0.754 ; loss: 2.189
2019-10-28 18:30:45,050:INFO: - Eval metrics : accuracy: 0.773 ; loss: 2.048
2019-10-28 18:30:45,120:INFO: - Found new best accuracy
2019-10-28 18:30:45,129:INFO: Epoch 53/100
2019-10-28 18:30:52,150:INFO: - Train metrics: accuracy: 0.719 ; loss: 2.196
2019-10-28 18:30:53,313:INFO: - Eval metrics : accuracy: 0.768 ; loss: 2.056
2019-10-28 18:30:53,359:INFO: Epoch 54/100
2019-10-28 18:31:00,321:INFO: - Train metrics: accuracy: 0.752 ; loss: 2.191
2019-10-28 18:31:01,494:INFO: - Eval metrics : accuracy: 0.774 ; loss: 2.022
2019-10-28 18:31:01,565:INFO: - Found new best accuracy
2019-10-28 18:31:01,574:INFO: Epoch 55/100
2019-10-28 18:31:08,573:INFO: - Train metrics: accuracy: 0.775 ; loss: 2.200
2019-10-28 18:31:09,734:INFO: - Eval metrics : accuracy: 0.776 ; loss: 2.044
2019-10-28 18:31:09,812:INFO: - Found new best accuracy
2019-10-28 18:31:09,821:INFO: Epoch 56/100
2019-10-28 18:31:16,816:INFO: - Train metrics: accuracy: 0.736 ; loss: 2.193
2019-10-28 18:31:17,981:INFO: - Eval metrics : accuracy: 0.764 ; loss: 2.043
2019-10-28 18:31:18,028:INFO: Epoch 57/100
2019-10-28 18:31:24,979:INFO: - Train metrics: accuracy: 0.723 ; loss: 2.214
2019-10-28 18:31:26,149:INFO: - Eval metrics : accuracy: 0.771 ; loss: 2.049
2019-10-28 18:31:26,195:INFO: Epoch 58/100
2019-10-28 18:31:33,197:INFO: - Train metrics: accuracy: 0.760 ; loss: 2.192
2019-10-28 18:31:34,366:INFO: - Eval metrics : accuracy: 0.789 ; loss: 2.052
2019-10-28 18:31:34,438:INFO: - Found new best accuracy
2019-10-28 18:31:34,447:INFO: Epoch 59/100
2019-10-28 18:31:41,342:INFO: - Train metrics: accuracy: 0.730 ; loss: 2.208
2019-10-28 18:31:42,527:INFO: - Eval metrics : accuracy: 0.790 ; loss: 2.044
2019-10-28 18:31:42,597:INFO: - Found new best accuracy
2019-10-28 18:31:42,607:INFO: Epoch 60/100
2019-10-28 18:31:49,624:INFO: - Train metrics: accuracy: 0.773 ; loss: 2.211
2019-10-28 18:31:50,812:INFO: - Eval metrics : accuracy: 0.787 ; loss: 2.026
2019-10-28 18:31:50,860:INFO: Epoch 61/100
2019-10-28 18:31:57,820:INFO: - Train metrics: accuracy: 0.732 ; loss: 2.198
2019-10-28 18:31:58,990:INFO: - Eval metrics : accuracy: 0.783 ; loss: 2.053
2019-10-28 18:31:59,039:INFO: Epoch 62/100
2019-10-28 18:32:05,982:INFO: - Train metrics: accuracy: 0.736 ; loss: 2.187
2019-10-28 18:32:07,168:INFO: - Eval metrics : accuracy: 0.786 ; loss: 2.053
2019-10-28 18:32:07,216:INFO: Epoch 63/100
2019-10-28 18:32:14,242:INFO: - Train metrics: accuracy: 0.752 ; loss: 2.197
2019-10-28 18:32:15,413:INFO: - Eval metrics : accuracy: 0.771 ; loss: 2.047
2019-10-28 18:32:15,460:INFO: Epoch 64/100
2019-10-28 18:32:22,364:INFO: - Train metrics: accuracy: 0.783 ; loss: 2.207
2019-10-28 18:32:23,520:INFO: - Eval metrics : accuracy: 0.775 ; loss: 2.059
2019-10-28 18:32:23,567:INFO: Epoch 65/100
2019-10-28 18:32:30,527:INFO: - Train metrics: accuracy: 0.756 ; loss: 2.192
2019-10-28 18:32:31,698:INFO: - Eval metrics : accuracy: 0.795 ; loss: 2.054
2019-10-28 18:32:31,760:INFO: - Found new best accuracy
2019-10-28 18:32:31,773:INFO: Epoch 66/100
2019-10-28 18:32:38,634:INFO: - Train metrics: accuracy: 0.787 ; loss: 2.193
2019-10-28 18:32:39,808:INFO: - Eval metrics : accuracy: 0.785 ; loss: 2.055
2019-10-28 18:32:39,861:INFO: Epoch 67/100
2019-10-28 18:32:46,827:INFO: - Train metrics: accuracy: 0.750 ; loss: 2.203
2019-10-28 18:32:47,993:INFO: - Eval metrics : accuracy: 0.790 ; loss: 2.035
2019-10-28 18:32:48,039:INFO: Epoch 68/100
2019-10-28 18:32:55,060:INFO: - Train metrics: accuracy: 0.738 ; loss: 2.192
2019-10-28 18:32:56,231:INFO: - Eval metrics : accuracy: 0.788 ; loss: 2.029
2019-10-28 18:32:56,278:INFO: Epoch 69/100
2019-10-28 18:33:03,365:INFO: - Train metrics: accuracy: 0.738 ; loss: 2.211
2019-10-28 18:33:04,536:INFO: - Eval metrics : accuracy: 0.795 ; loss: 2.018
2019-10-28 18:33:04,583:INFO: Epoch 70/100
2019-10-28 18:33:11,495:INFO: - Train metrics: accuracy: 0.752 ; loss: 2.214
2019-10-28 18:33:12,677:INFO: - Eval metrics : accuracy: 0.785 ; loss: 2.036
2019-10-28 18:33:12,711:INFO: Epoch 71/100
2019-10-28 18:33:19,644:INFO: - Train metrics: accuracy: 0.768 ; loss: 2.211
2019-10-28 18:33:20,810:INFO: - Eval metrics : accuracy: 0.800 ; loss: 2.037
2019-10-28 18:33:20,880:INFO: - Found new best accuracy
2019-10-28 18:33:20,889:INFO: Epoch 72/100
2019-10-28 18:33:27,906:INFO: - Train metrics: accuracy: 0.766 ; loss: 2.191
2019-10-28 18:33:29,073:INFO: - Eval metrics : accuracy: 0.784 ; loss: 2.049
2019-10-28 18:33:29,116:INFO: Epoch 73/100
2019-10-28 18:33:36,088:INFO: - Train metrics: accuracy: 0.756 ; loss: 2.211
2019-10-28 18:33:37,254:INFO: - Eval metrics : accuracy: 0.784 ; loss: 2.028
2019-10-28 18:33:37,300:INFO: Epoch 74/100
2019-10-28 18:33:44,252:INFO: - Train metrics: accuracy: 0.789 ; loss: 2.194
2019-10-28 18:33:45,420:INFO: - Eval metrics : accuracy: 0.789 ; loss: 2.018
2019-10-28 18:33:45,469:INFO: Epoch 75/100
2019-10-28 18:33:52,543:INFO: - Train metrics: accuracy: 0.799 ; loss: 2.197
2019-10-28 18:33:53,733:INFO: - Eval metrics : accuracy: 0.771 ; loss: 2.022
2019-10-28 18:33:53,778:INFO: Epoch 76/100
2019-10-28 18:34:00,780:INFO: - Train metrics: accuracy: 0.803 ; loss: 2.195
2019-10-28 18:34:01,949:INFO: - Eval metrics : accuracy: 0.783 ; loss: 2.041
2019-10-28 18:34:01,994:INFO: Epoch 77/100
2019-10-28 18:34:09,005:INFO: - Train metrics: accuracy: 0.771 ; loss: 2.204
2019-10-28 18:34:10,180:INFO: - Eval metrics : accuracy: 0.790 ; loss: 2.036
2019-10-28 18:34:10,227:INFO: Epoch 78/100
2019-10-28 18:34:17,206:INFO: - Train metrics: accuracy: 0.752 ; loss: 2.212
2019-10-28 18:34:18,389:INFO: - Eval metrics : accuracy: 0.797 ; loss: 2.033
2019-10-28 18:34:18,436:INFO: Epoch 79/100
2019-10-28 18:34:25,393:INFO: - Train metrics: accuracy: 0.760 ; loss: 2.198
2019-10-28 18:34:26,568:INFO: - Eval metrics : accuracy: 0.793 ; loss: 2.023
2019-10-28 18:34:26,614:INFO: Epoch 80/100
2019-10-28 18:34:33,585:INFO: - Train metrics: accuracy: 0.768 ; loss: 2.213
2019-10-28 18:34:34,758:INFO: - Eval metrics : accuracy: 0.786 ; loss: 2.034
2019-10-28 18:34:34,805:INFO: Epoch 81/100
2019-10-28 18:34:41,746:INFO: - Train metrics: accuracy: 0.768 ; loss: 2.199
2019-10-28 18:34:42,924:INFO: - Eval metrics : accuracy: 0.792 ; loss: 2.044
2019-10-28 18:34:42,971:INFO: Epoch 82/100
2019-10-28 18:34:49,993:INFO: - Train metrics: accuracy: 0.805 ; loss: 2.193
2019-10-28 18:34:51,159:INFO: - Eval metrics : accuracy: 0.809 ; loss: 2.010
2019-10-28 18:34:51,235:INFO: - Found new best accuracy
2019-10-28 18:34:51,250:INFO: Epoch 83/100
2019-10-28 18:34:58,266:INFO: - Train metrics: accuracy: 0.787 ; loss: 2.187
2019-10-28 18:34:59,435:INFO: - Eval metrics : accuracy: 0.796 ; loss: 2.028
2019-10-28 18:34:59,487:INFO: Epoch 84/100
2019-10-28 18:35:06,481:INFO: - Train metrics: accuracy: 0.760 ; loss: 2.203
2019-10-28 18:35:07,655:INFO: - Eval metrics : accuracy: 0.801 ; loss: 2.045
2019-10-28 18:35:07,708:INFO: Epoch 85/100
2019-10-28 18:35:14,636:INFO: - Train metrics: accuracy: 0.764 ; loss: 2.197
2019-10-28 18:35:15,810:INFO: - Eval metrics : accuracy: 0.796 ; loss: 2.025
2019-10-28 18:35:15,866:INFO: Epoch 86/100
2019-10-28 18:35:22,802:INFO: - Train metrics: accuracy: 0.766 ; loss: 2.197
2019-10-28 18:35:23,977:INFO: - Eval metrics : accuracy: 0.801 ; loss: 2.004
2019-10-28 18:35:24,030:INFO: Epoch 87/100
2019-10-28 18:35:31,032:INFO: - Train metrics: accuracy: 0.771 ; loss: 2.200
2019-10-28 18:35:32,193:INFO: - Eval metrics : accuracy: 0.802 ; loss: 1.998
2019-10-28 18:35:32,241:INFO: Epoch 88/100
2019-10-28 18:35:39,171:INFO: - Train metrics: accuracy: 0.777 ; loss: 2.201
2019-10-28 18:35:40,380:INFO: - Eval metrics : accuracy: 0.785 ; loss: 2.058
2019-10-28 18:35:40,427:INFO: Epoch 89/100
2019-10-28 18:35:47,386:INFO: - Train metrics: accuracy: 0.762 ; loss: 2.197
2019-10-28 18:35:48,554:INFO: - Eval metrics : accuracy: 0.797 ; loss: 2.020
2019-10-28 18:35:48,599:INFO: Epoch 90/100
2019-10-28 18:35:55,573:INFO: - Train metrics: accuracy: 0.803 ; loss: 2.211
2019-10-28 18:35:56,736:INFO: - Eval metrics : accuracy: 0.804 ; loss: 2.022
2019-10-28 18:35:56,784:INFO: Epoch 91/100
2019-10-28 18:36:03,702:INFO: - Train metrics: accuracy: 0.818 ; loss: 2.188
2019-10-28 18:36:04,874:INFO: - Eval metrics : accuracy: 0.795 ; loss: 2.049
2019-10-28 18:36:04,922:INFO: Epoch 92/100
2019-10-28 18:36:11,906:INFO: - Train metrics: accuracy: 0.799 ; loss: 2.189
2019-10-28 18:36:13,085:INFO: - Eval metrics : accuracy: 0.796 ; loss: 2.035
2019-10-28 18:36:13,131:INFO: Epoch 93/100
2019-10-28 18:36:20,152:INFO: - Train metrics: accuracy: 0.787 ; loss: 2.194
2019-10-28 18:36:21,332:INFO: - Eval metrics : accuracy: 0.805 ; loss: 2.028
2019-10-28 18:36:21,379:INFO: Epoch 94/100
2019-10-28 18:36:28,381:INFO: - Train metrics: accuracy: 0.785 ; loss: 2.193
2019-10-28 18:36:29,539:INFO: - Eval metrics : accuracy: 0.806 ; loss: 2.038
2019-10-28 18:36:29,586:INFO: Epoch 95/100
2019-10-28 18:36:36,585:INFO: - Train metrics: accuracy: 0.789 ; loss: 2.186
2019-10-28 18:36:37,759:INFO: - Eval metrics : accuracy: 0.804 ; loss: 2.041
2019-10-28 18:36:37,805:INFO: Epoch 96/100
2019-10-28 18:36:44,738:INFO: - Train metrics: accuracy: 0.799 ; loss: 2.185
2019-10-28 18:36:45,910:INFO: - Eval metrics : accuracy: 0.804 ; loss: 2.005
2019-10-28 18:36:45,957:INFO: Epoch 97/100
2019-10-28 18:36:52,934:INFO: - Train metrics: accuracy: 0.783 ; loss: 2.190
2019-10-28 18:36:54,121:INFO: - Eval metrics : accuracy: 0.810 ; loss: 2.005
2019-10-28 18:36:54,190:INFO: - Found new best accuracy
2019-10-28 18:36:54,190:INFO: Epoch 98/100
2019-10-28 18:37:01,228:INFO: - Train metrics: accuracy: 0.787 ; loss: 2.203
2019-10-28 18:37:02,392:INFO: - Eval metrics : accuracy: 0.812 ; loss: 1.989
2019-10-28 18:37:02,462:INFO: - Found new best accuracy
2019-10-28 18:37:02,478:INFO: Epoch 99/100
2019-10-28 18:37:09,518:INFO: - Train metrics: accuracy: 0.787 ; loss: 2.204
2019-10-28 18:37:10,689:INFO: - Eval metrics : accuracy: 0.814 ; loss: 2.017
2019-10-28 18:37:10,766:INFO: - Found new best accuracy
2019-10-28 18:37:10,787:INFO: Epoch 100/100
2019-10-28 18:37:17,740:INFO: - Train metrics: accuracy: 0.803 ; loss: 2.180
2019-10-28 18:37:18,905:INFO: - Eval metrics : accuracy: 0.827 ; loss: 2.003
2019-10-28 18:37:18,995:INFO: - Found new best accuracy
