2019-10-28 17:23:15,455:INFO: Loading the datasets...
2019-10-28 17:23:18,310:INFO: - done.
2019-10-28 17:23:22,667:INFO: Experiment - model version: alexnet_studentA
2019-10-28 17:23:22,667:INFO: Starting training for 100 epoch(s)
2019-10-28 17:23:22,667:INFO: First, loading the teacher model and computing its outputs...
2019-10-28 17:23:30,553:INFO: - Finished computing teacher outputs after 8 secs..
2019-10-28 17:23:30,554:INFO: Epoch 1/100
2019-10-28 17:23:37,431:INFO: - Train metrics: accuracy: 0.273 ; loss: 2.423
2019-10-28 17:23:38,613:INFO: - Eval metrics : accuracy: 0.446 ; loss: 2.260
2019-10-28 17:23:38,658:INFO: - Found new best accuracy
2019-10-28 17:23:38,659:INFO: Epoch 2/100
2019-10-28 17:23:45,609:INFO: - Train metrics: accuracy: 0.465 ; loss: 2.370
2019-10-28 17:23:46,757:INFO: - Eval metrics : accuracy: 0.512 ; loss: 2.256
2019-10-28 17:23:46,833:INFO: - Found new best accuracy
2019-10-28 17:23:46,834:INFO: Epoch 3/100
2019-10-28 17:23:53,721:INFO: - Train metrics: accuracy: 0.521 ; loss: 2.373
2019-10-28 17:23:54,902:INFO: - Eval metrics : accuracy: 0.550 ; loss: 2.232
2019-10-28 17:23:54,988:INFO: - Found new best accuracy
2019-10-28 17:23:54,989:INFO: Epoch 4/100
2019-10-28 17:24:01,881:INFO: - Train metrics: accuracy: 0.523 ; loss: 2.372
2019-10-28 17:24:03,052:INFO: - Eval metrics : accuracy: 0.595 ; loss: 2.179
2019-10-28 17:24:03,135:INFO: - Found new best accuracy
2019-10-28 17:24:03,136:INFO: Epoch 5/100
2019-10-28 17:24:10,034:INFO: - Train metrics: accuracy: 0.514 ; loss: 2.355
2019-10-28 17:24:11,212:INFO: - Eval metrics : accuracy: 0.590 ; loss: 2.153
2019-10-28 17:24:11,257:INFO: Epoch 6/100
2019-10-28 17:24:18,141:INFO: - Train metrics: accuracy: 0.547 ; loss: 2.352
2019-10-28 17:24:19,291:INFO: - Eval metrics : accuracy: 0.634 ; loss: 2.123
2019-10-28 17:24:19,377:INFO: - Found new best accuracy
2019-10-28 17:24:19,378:INFO: Epoch 7/100
2019-10-28 17:24:26,253:INFO: - Train metrics: accuracy: 0.592 ; loss: 2.366
2019-10-28 17:24:27,449:INFO: - Eval metrics : accuracy: 0.648 ; loss: 2.124
2019-10-28 17:24:27,535:INFO: - Found new best accuracy
2019-10-28 17:24:27,535:INFO: Epoch 8/100
2019-10-28 17:24:34,378:INFO: - Train metrics: accuracy: 0.631 ; loss: 2.358
2019-10-28 17:24:35,526:INFO: - Eval metrics : accuracy: 0.654 ; loss: 2.103
2019-10-28 17:24:35,608:INFO: - Found new best accuracy
2019-10-28 17:24:35,609:INFO: Epoch 9/100
2019-10-28 17:24:42,538:INFO: - Train metrics: accuracy: 0.605 ; loss: 2.371
2019-10-28 17:24:43,684:INFO: - Eval metrics : accuracy: 0.633 ; loss: 2.111
2019-10-28 17:24:43,729:INFO: Epoch 10/100
2019-10-28 17:24:50,584:INFO: - Train metrics: accuracy: 0.625 ; loss: 2.354
2019-10-28 17:24:51,733:INFO: - Eval metrics : accuracy: 0.681 ; loss: 2.094
2019-10-28 17:24:51,818:INFO: - Found new best accuracy
2019-10-28 17:24:51,818:INFO: Epoch 11/100
2019-10-28 17:24:58,751:INFO: - Train metrics: accuracy: 0.629 ; loss: 2.349
2019-10-28 17:24:59,899:INFO: - Eval metrics : accuracy: 0.667 ; loss: 2.119
2019-10-28 17:24:59,946:INFO: Epoch 12/100
2019-10-28 17:25:06,854:INFO: - Train metrics: accuracy: 0.611 ; loss: 2.343
2019-10-28 17:25:08,024:INFO: - Eval metrics : accuracy: 0.700 ; loss: 2.088
2019-10-28 17:25:08,122:INFO: - Found new best accuracy
2019-10-28 17:25:08,122:INFO: Epoch 13/100
2019-10-28 17:25:15,029:INFO: - Train metrics: accuracy: 0.674 ; loss: 2.348
2019-10-28 17:25:16,179:INFO: - Eval metrics : accuracy: 0.707 ; loss: 2.113
2019-10-28 17:25:16,264:INFO: - Found new best accuracy
2019-10-28 17:25:16,265:INFO: Epoch 14/100
2019-10-28 17:25:23,108:INFO: - Train metrics: accuracy: 0.686 ; loss: 2.348
2019-10-28 17:25:24,274:INFO: - Eval metrics : accuracy: 0.711 ; loss: 2.080
2019-10-28 17:25:24,350:INFO: - Found new best accuracy
2019-10-28 17:25:24,351:INFO: Epoch 15/100
2019-10-28 17:25:31,283:INFO: - Train metrics: accuracy: 0.662 ; loss: 2.345
2019-10-28 17:25:32,418:INFO: - Eval metrics : accuracy: 0.718 ; loss: 2.095
2019-10-28 17:25:32,502:INFO: - Found new best accuracy
2019-10-28 17:25:32,503:INFO: Epoch 16/100
2019-10-28 17:25:39,400:INFO: - Train metrics: accuracy: 0.670 ; loss: 2.353
2019-10-28 17:25:40,565:INFO: - Eval metrics : accuracy: 0.711 ; loss: 2.087
2019-10-28 17:25:40,606:INFO: Epoch 17/100
2019-10-28 17:25:47,521:INFO: - Train metrics: accuracy: 0.721 ; loss: 2.350
2019-10-28 17:25:48,669:INFO: - Eval metrics : accuracy: 0.736 ; loss: 2.073
2019-10-28 17:25:48,753:INFO: - Found new best accuracy
2019-10-28 17:25:48,754:INFO: Epoch 18/100
2019-10-28 17:25:55,615:INFO: - Train metrics: accuracy: 0.713 ; loss: 2.349
2019-10-28 17:25:56,782:INFO: - Eval metrics : accuracy: 0.737 ; loss: 2.063
2019-10-28 17:25:56,867:INFO: - Found new best accuracy
2019-10-28 17:25:56,868:INFO: Epoch 19/100
2019-10-28 17:26:03,804:INFO: - Train metrics: accuracy: 0.713 ; loss: 2.310
2019-10-28 17:26:04,959:INFO: - Eval metrics : accuracy: 0.724 ; loss: 2.086
2019-10-28 17:26:05,009:INFO: Epoch 20/100
2019-10-28 17:26:11,849:INFO: - Train metrics: accuracy: 0.709 ; loss: 2.357
2019-10-28 17:26:13,005:INFO: - Eval metrics : accuracy: 0.743 ; loss: 2.079
2019-10-28 17:26:13,089:INFO: - Found new best accuracy
2019-10-28 17:26:13,090:INFO: Epoch 21/100
2019-10-28 17:26:19,904:INFO: - Train metrics: accuracy: 0.705 ; loss: 2.332
2019-10-28 17:26:21,052:INFO: - Eval metrics : accuracy: 0.729 ; loss: 2.061
2019-10-28 17:26:21,095:INFO: Epoch 22/100
2019-10-28 17:26:27,958:INFO: - Train metrics: accuracy: 0.695 ; loss: 2.309
2019-10-28 17:26:29,117:INFO: - Eval metrics : accuracy: 0.754 ; loss: 2.027
2019-10-28 17:26:29,203:INFO: - Found new best accuracy
2019-10-28 17:26:29,203:INFO: Epoch 23/100
2019-10-28 17:26:36,123:INFO: - Train metrics: accuracy: 0.672 ; loss: 2.333
2019-10-28 17:26:37,281:INFO: - Eval metrics : accuracy: 0.755 ; loss: 2.036
2019-10-28 17:26:37,376:INFO: - Found new best accuracy
2019-10-28 17:26:37,377:INFO: Epoch 24/100
2019-10-28 17:26:44,257:INFO: - Train metrics: accuracy: 0.721 ; loss: 2.326
2019-10-28 17:26:45,402:INFO: - Eval metrics : accuracy: 0.756 ; loss: 2.061
2019-10-28 17:26:45,502:INFO: - Found new best accuracy
2019-10-28 17:26:45,503:INFO: Epoch 25/100
2019-10-28 17:26:52,367:INFO: - Train metrics: accuracy: 0.729 ; loss: 2.332
2019-10-28 17:26:53,532:INFO: - Eval metrics : accuracy: 0.748 ; loss: 2.037
2019-10-28 17:26:53,585:INFO: Epoch 26/100
2019-10-28 17:27:00,502:INFO: - Train metrics: accuracy: 0.723 ; loss: 2.328
2019-10-28 17:27:01,659:INFO: - Eval metrics : accuracy: 0.766 ; loss: 2.070
2019-10-28 17:27:01,760:INFO: - Found new best accuracy
2019-10-28 17:27:01,760:INFO: Epoch 27/100
2019-10-28 17:27:08,645:INFO: - Train metrics: accuracy: 0.744 ; loss: 2.334
2019-10-28 17:27:09,815:INFO: - Eval metrics : accuracy: 0.760 ; loss: 2.063
2019-10-28 17:27:09,865:INFO: Epoch 28/100
2019-10-28 17:27:16,724:INFO: - Train metrics: accuracy: 0.725 ; loss: 2.331
2019-10-28 17:27:17,871:INFO: - Eval metrics : accuracy: 0.766 ; loss: 2.040
2019-10-28 17:27:17,957:INFO: - Found new best accuracy
2019-10-28 17:27:17,957:INFO: Epoch 29/100
2019-10-28 17:27:24,843:INFO: - Train metrics: accuracy: 0.785 ; loss: 2.316
2019-10-28 17:27:26,004:INFO: - Eval metrics : accuracy: 0.759 ; loss: 2.043
2019-10-28 17:27:26,050:INFO: Epoch 30/100
2019-10-28 17:27:32,972:INFO: - Train metrics: accuracy: 0.762 ; loss: 2.327
2019-10-28 17:27:34,134:INFO: - Eval metrics : accuracy: 0.761 ; loss: 2.054
2019-10-28 17:27:34,180:INFO: Epoch 31/100
2019-10-28 17:27:41,111:INFO: - Train metrics: accuracy: 0.754 ; loss: 2.321
2019-10-28 17:27:42,285:INFO: - Eval metrics : accuracy: 0.776 ; loss: 2.045
2019-10-28 17:27:42,369:INFO: - Found new best accuracy
2019-10-28 17:27:42,369:INFO: Epoch 32/100
2019-10-28 17:27:49,291:INFO: - Train metrics: accuracy: 0.750 ; loss: 2.322
2019-10-28 17:27:50,440:INFO: - Eval metrics : accuracy: 0.771 ; loss: 2.060
2019-10-28 17:27:50,488:INFO: Epoch 33/100
2019-10-28 17:27:57,352:INFO: - Train metrics: accuracy: 0.750 ; loss: 2.348
2019-10-28 17:27:58,517:INFO: - Eval metrics : accuracy: 0.767 ; loss: 2.033
2019-10-28 17:27:58,562:INFO: Epoch 34/100
2019-10-28 17:28:05,431:INFO: - Train metrics: accuracy: 0.781 ; loss: 2.335
2019-10-28 17:28:06,598:INFO: - Eval metrics : accuracy: 0.782 ; loss: 2.026
2019-10-28 17:28:06,683:INFO: - Found new best accuracy
2019-10-28 17:28:06,684:INFO: Epoch 35/100
2019-10-28 17:28:13,659:INFO: - Train metrics: accuracy: 0.773 ; loss: 2.340
2019-10-28 17:28:14,843:INFO: - Eval metrics : accuracy: 0.789 ; loss: 2.014
2019-10-28 17:28:14,932:INFO: - Found new best accuracy
2019-10-28 17:28:14,933:INFO: Epoch 36/100
2019-10-28 17:28:21,877:INFO: - Train metrics: accuracy: 0.742 ; loss: 2.330
2019-10-28 17:28:23,027:INFO: - Eval metrics : accuracy: 0.783 ; loss: 2.034
2019-10-28 17:28:23,063:INFO: Epoch 37/100
2019-10-28 17:28:30,046:INFO: - Train metrics: accuracy: 0.789 ; loss: 2.323
2019-10-28 17:28:31,206:INFO: - Eval metrics : accuracy: 0.792 ; loss: 2.033
2019-10-28 17:28:31,292:INFO: - Found new best accuracy
2019-10-28 17:28:31,293:INFO: Epoch 38/100
2019-10-28 17:28:38,233:INFO: - Train metrics: accuracy: 0.770 ; loss: 2.335
2019-10-28 17:28:39,388:INFO: - Eval metrics : accuracy: 0.780 ; loss: 2.049
2019-10-28 17:28:39,433:INFO: Epoch 39/100
2019-10-28 17:28:46,266:INFO: - Train metrics: accuracy: 0.777 ; loss: 2.316
2019-10-28 17:28:47,434:INFO: - Eval metrics : accuracy: 0.774 ; loss: 2.063
2019-10-28 17:28:47,477:INFO: Epoch 40/100
2019-10-28 17:28:54,331:INFO: - Train metrics: accuracy: 0.750 ; loss: 2.337
2019-10-28 17:28:55,488:INFO: - Eval metrics : accuracy: 0.783 ; loss: 2.031
2019-10-28 17:28:55,535:INFO: Epoch 41/100
2019-10-28 17:29:02,428:INFO: - Train metrics: accuracy: 0.723 ; loss: 2.336
2019-10-28 17:29:03,591:INFO: - Eval metrics : accuracy: 0.792 ; loss: 2.020
2019-10-28 17:29:03,675:INFO: - Found new best accuracy
2019-10-28 17:29:03,676:INFO: Epoch 42/100
2019-10-28 17:29:10,577:INFO: - Train metrics: accuracy: 0.811 ; loss: 2.320
2019-10-28 17:29:11,748:INFO: - Eval metrics : accuracy: 0.786 ; loss: 2.019
2019-10-28 17:29:11,793:INFO: Epoch 43/100
2019-10-28 17:29:18,737:INFO: - Train metrics: accuracy: 0.779 ; loss: 2.332
2019-10-28 17:29:19,888:INFO: - Eval metrics : accuracy: 0.792 ; loss: 2.034
2019-10-28 17:29:19,933:INFO: Epoch 44/100
2019-10-28 17:29:26,839:INFO: - Train metrics: accuracy: 0.766 ; loss: 2.332
2019-10-28 17:29:28,003:INFO: - Eval metrics : accuracy: 0.791 ; loss: 2.028
2019-10-28 17:29:28,047:INFO: Epoch 45/100
2019-10-28 17:29:34,991:INFO: - Train metrics: accuracy: 0.754 ; loss: 2.319
2019-10-28 17:29:36,149:INFO: - Eval metrics : accuracy: 0.793 ; loss: 2.012
2019-10-28 17:29:36,235:INFO: - Found new best accuracy
2019-10-28 17:29:36,236:INFO: Epoch 46/100
2019-10-28 17:29:43,151:INFO: - Train metrics: accuracy: 0.771 ; loss: 2.324
2019-10-28 17:29:44,322:INFO: - Eval metrics : accuracy: 0.802 ; loss: 2.016
2019-10-28 17:29:44,411:INFO: - Found new best accuracy
2019-10-28 17:29:44,412:INFO: Epoch 47/100
2019-10-28 17:29:51,314:INFO: - Train metrics: accuracy: 0.787 ; loss: 2.336
2019-10-28 17:29:52,636:INFO: - Eval metrics : accuracy: 0.804 ; loss: 2.024
2019-10-28 17:29:52,722:INFO: - Found new best accuracy
2019-10-28 17:29:52,722:INFO: Epoch 48/100
2019-10-28 17:30:00,306:INFO: - Train metrics: accuracy: 0.762 ; loss: 2.323
2019-10-28 17:30:01,535:INFO: - Eval metrics : accuracy: 0.799 ; loss: 2.011
2019-10-28 17:30:01,586:INFO: Epoch 49/100
2019-10-28 17:30:08,563:INFO: - Train metrics: accuracy: 0.787 ; loss: 2.329
2019-10-28 17:30:09,722:INFO: - Eval metrics : accuracy: 0.795 ; loss: 2.030
2019-10-28 17:30:09,768:INFO: Epoch 50/100
2019-10-28 17:30:16,680:INFO: - Train metrics: accuracy: 0.805 ; loss: 2.312
2019-10-28 17:30:17,859:INFO: - Eval metrics : accuracy: 0.807 ; loss: 2.010
2019-10-28 17:30:17,942:INFO: - Found new best accuracy
2019-10-28 17:30:17,943:INFO: Epoch 51/100
2019-10-28 17:30:24,815:INFO: - Train metrics: accuracy: 0.785 ; loss: 2.310
2019-10-28 17:30:25,963:INFO: - Eval metrics : accuracy: 0.802 ; loss: 2.027
2019-10-28 17:30:26,007:INFO: Epoch 52/100
2019-10-28 17:30:32,867:INFO: - Train metrics: accuracy: 0.795 ; loss: 2.323
2019-10-28 17:30:34,009:INFO: - Eval metrics : accuracy: 0.797 ; loss: 2.016
2019-10-28 17:30:34,052:INFO: Epoch 53/100
2019-10-28 17:30:40,895:INFO: - Train metrics: accuracy: 0.811 ; loss: 2.310
2019-10-28 17:30:42,036:INFO: - Eval metrics : accuracy: 0.808 ; loss: 2.019
2019-10-28 17:30:42,119:INFO: - Found new best accuracy
2019-10-28 17:30:42,119:INFO: Epoch 54/100
2019-10-28 17:30:48,973:INFO: - Train metrics: accuracy: 0.771 ; loss: 2.332
2019-10-28 17:30:50,126:INFO: - Eval metrics : accuracy: 0.808 ; loss: 2.026
2019-10-28 17:30:50,213:INFO: - Found new best accuracy
2019-10-28 17:30:50,214:INFO: Epoch 55/100
2019-10-28 17:30:57,078:INFO: - Train metrics: accuracy: 0.762 ; loss: 2.337
2019-10-28 17:30:58,232:INFO: - Eval metrics : accuracy: 0.808 ; loss: 2.000
2019-10-28 17:30:58,316:INFO: - Found new best accuracy
2019-10-28 17:30:58,317:INFO: Epoch 56/100
2019-10-28 17:31:05,186:INFO: - Train metrics: accuracy: 0.805 ; loss: 2.308
2019-10-28 17:31:06,339:INFO: - Eval metrics : accuracy: 0.809 ; loss: 2.019
2019-10-28 17:31:06,425:INFO: - Found new best accuracy
2019-10-28 17:31:06,426:INFO: Epoch 57/100
2019-10-28 17:31:13,280:INFO: - Train metrics: accuracy: 0.830 ; loss: 2.317
2019-10-28 17:31:14,418:INFO: - Eval metrics : accuracy: 0.806 ; loss: 2.017
2019-10-28 17:31:14,463:INFO: Epoch 58/100
2019-10-28 17:31:21,285:INFO: - Train metrics: accuracy: 0.801 ; loss: 2.318
2019-10-28 17:31:22,428:INFO: - Eval metrics : accuracy: 0.802 ; loss: 2.029
2019-10-28 17:31:22,473:INFO: Epoch 59/100
2019-10-28 17:31:29,346:INFO: - Train metrics: accuracy: 0.793 ; loss: 2.330
2019-10-28 17:31:30,504:INFO: - Eval metrics : accuracy: 0.806 ; loss: 2.025
2019-10-28 17:31:30,549:INFO: Epoch 60/100
2019-10-28 17:31:37,421:INFO: - Train metrics: accuracy: 0.787 ; loss: 2.329
2019-10-28 17:31:38,570:INFO: - Eval metrics : accuracy: 0.799 ; loss: 2.014
2019-10-28 17:31:38,619:INFO: Epoch 61/100
2019-10-28 17:31:45,476:INFO: - Train metrics: accuracy: 0.811 ; loss: 2.317
2019-10-28 17:31:46,631:INFO: - Eval metrics : accuracy: 0.810 ; loss: 2.025
2019-10-28 17:31:46,718:INFO: - Found new best accuracy
2019-10-28 17:31:46,718:INFO: Epoch 62/100
2019-10-28 17:31:53,638:INFO: - Train metrics: accuracy: 0.762 ; loss: 2.328
2019-10-28 17:31:54,824:INFO: - Eval metrics : accuracy: 0.816 ; loss: 2.024
2019-10-28 17:31:54,908:INFO: - Found new best accuracy
2019-10-28 17:31:54,909:INFO: Epoch 63/100
2019-10-28 17:32:01,833:INFO: - Train metrics: accuracy: 0.805 ; loss: 2.323
2019-10-28 17:32:02,987:INFO: - Eval metrics : accuracy: 0.817 ; loss: 1.992
2019-10-28 17:32:03,074:INFO: - Found new best accuracy
2019-10-28 17:32:03,075:INFO: Epoch 64/100
2019-10-28 17:32:09,992:INFO: - Train metrics: accuracy: 0.773 ; loss: 2.340
2019-10-28 17:32:11,138:INFO: - Eval metrics : accuracy: 0.812 ; loss: 1.992
2019-10-28 17:32:11,183:INFO: Epoch 65/100
2019-10-28 17:32:18,049:INFO: - Train metrics: accuracy: 0.812 ; loss: 2.319
2019-10-28 17:32:19,334:INFO: - Eval metrics : accuracy: 0.802 ; loss: 2.013
2019-10-28 17:32:19,380:INFO: Epoch 66/100
2019-10-28 17:32:26,813:INFO: - Train metrics: accuracy: 0.809 ; loss: 2.316
2019-10-28 17:32:28,009:INFO: - Eval metrics : accuracy: 0.812 ; loss: 2.023
2019-10-28 17:32:28,055:INFO: Epoch 67/100
2019-10-28 17:32:35,045:INFO: - Train metrics: accuracy: 0.793 ; loss: 2.315
2019-10-28 17:32:36,201:INFO: - Eval metrics : accuracy: 0.806 ; loss: 2.025
2019-10-28 17:32:36,247:INFO: Epoch 68/100
2019-10-28 17:32:43,111:INFO: - Train metrics: accuracy: 0.799 ; loss: 2.323
2019-10-28 17:32:44,259:INFO: - Eval metrics : accuracy: 0.811 ; loss: 2.026
2019-10-28 17:32:44,304:INFO: Epoch 69/100
2019-10-28 17:32:51,233:INFO: - Train metrics: accuracy: 0.797 ; loss: 2.339
2019-10-28 17:32:52,414:INFO: - Eval metrics : accuracy: 0.813 ; loss: 2.019
2019-10-28 17:32:52,463:INFO: Epoch 70/100
2019-10-28 17:32:59,409:INFO: - Train metrics: accuracy: 0.777 ; loss: 2.331
2019-10-28 17:33:00,577:INFO: - Eval metrics : accuracy: 0.813 ; loss: 2.016
2019-10-28 17:33:00,623:INFO: Epoch 71/100
2019-10-28 17:33:07,575:INFO: - Train metrics: accuracy: 0.814 ; loss: 2.336
2019-10-28 17:33:08,755:INFO: - Eval metrics : accuracy: 0.812 ; loss: 2.026
2019-10-28 17:33:08,800:INFO: Epoch 72/100
2019-10-28 17:33:15,706:INFO: - Train metrics: accuracy: 0.828 ; loss: 2.303
2019-10-28 17:33:16,875:INFO: - Eval metrics : accuracy: 0.812 ; loss: 2.017
2019-10-28 17:33:16,919:INFO: Epoch 73/100
2019-10-28 17:33:23,852:INFO: - Train metrics: accuracy: 0.818 ; loss: 2.316
2019-10-28 17:33:25,024:INFO: - Eval metrics : accuracy: 0.825 ; loss: 2.025
2019-10-28 17:33:25,108:INFO: - Found new best accuracy
2019-10-28 17:33:25,109:INFO: Epoch 74/100
2019-10-28 17:33:32,062:INFO: - Train metrics: accuracy: 0.799 ; loss: 2.309
2019-10-28 17:33:33,217:INFO: - Eval metrics : accuracy: 0.815 ; loss: 2.032
2019-10-28 17:33:33,265:INFO: Epoch 75/100
2019-10-28 17:33:40,144:INFO: - Train metrics: accuracy: 0.812 ; loss: 2.321
2019-10-28 17:33:41,318:INFO: - Eval metrics : accuracy: 0.821 ; loss: 2.003
2019-10-28 17:33:41,368:INFO: Epoch 76/100
2019-10-28 17:33:48,277:INFO: - Train metrics: accuracy: 0.811 ; loss: 2.321
2019-10-28 17:33:49,442:INFO: - Eval metrics : accuracy: 0.824 ; loss: 2.006
2019-10-28 17:33:49,486:INFO: Epoch 77/100
2019-10-28 17:33:56,414:INFO: - Train metrics: accuracy: 0.807 ; loss: 2.323
2019-10-28 17:33:57,587:INFO: - Eval metrics : accuracy: 0.820 ; loss: 2.013
2019-10-28 17:33:57,632:INFO: Epoch 78/100
2019-10-28 17:34:04,548:INFO: - Train metrics: accuracy: 0.789 ; loss: 2.333
2019-10-28 17:34:05,704:INFO: - Eval metrics : accuracy: 0.822 ; loss: 2.025
2019-10-28 17:34:05,749:INFO: Epoch 79/100
2019-10-28 17:34:12,672:INFO: - Train metrics: accuracy: 0.840 ; loss: 2.302
2019-10-28 17:34:13,821:INFO: - Eval metrics : accuracy: 0.830 ; loss: 2.025
2019-10-28 17:34:13,899:INFO: - Found new best accuracy
2019-10-28 17:34:13,900:INFO: Epoch 80/100
2019-10-28 17:34:20,779:INFO: - Train metrics: accuracy: 0.822 ; loss: 2.314
2019-10-28 17:34:21,931:INFO: - Eval metrics : accuracy: 0.827 ; loss: 2.014
2019-10-28 17:34:21,976:INFO: Epoch 81/100
2019-10-28 17:34:28,876:INFO: - Train metrics: accuracy: 0.818 ; loss: 2.325
2019-10-28 17:34:30,026:INFO: - Eval metrics : accuracy: 0.819 ; loss: 2.020
2019-10-28 17:34:30,076:INFO: Epoch 82/100
2019-10-28 17:34:36,914:INFO: - Train metrics: accuracy: 0.832 ; loss: 2.336
2019-10-28 17:34:38,071:INFO: - Eval metrics : accuracy: 0.825 ; loss: 2.009
2019-10-28 17:34:38,116:INFO: Epoch 83/100
2019-10-28 17:34:44,996:INFO: - Train metrics: accuracy: 0.820 ; loss: 2.313
2019-10-28 17:34:46,139:INFO: - Eval metrics : accuracy: 0.821 ; loss: 2.005
2019-10-28 17:34:46,184:INFO: Epoch 84/100
2019-10-28 17:34:53,151:INFO: - Train metrics: accuracy: 0.791 ; loss: 2.335
2019-10-28 17:34:54,302:INFO: - Eval metrics : accuracy: 0.827 ; loss: 2.024
2019-10-28 17:34:54,346:INFO: Epoch 85/100
2019-10-28 17:35:01,271:INFO: - Train metrics: accuracy: 0.822 ; loss: 2.326
2019-10-28 17:35:02,430:INFO: - Eval metrics : accuracy: 0.812 ; loss: 2.024
2019-10-28 17:35:02,475:INFO: Epoch 86/100
2019-10-28 17:35:09,421:INFO: - Train metrics: accuracy: 0.820 ; loss: 2.318
2019-10-28 17:35:10,599:INFO: - Eval metrics : accuracy: 0.824 ; loss: 2.000
2019-10-28 17:35:10,645:INFO: Epoch 87/100
2019-10-28 17:35:17,494:INFO: - Train metrics: accuracy: 0.820 ; loss: 2.316
2019-10-28 17:35:18,662:INFO: - Eval metrics : accuracy: 0.823 ; loss: 2.005
2019-10-28 17:35:18,705:INFO: Epoch 88/100
2019-10-28 17:35:25,524:INFO: - Train metrics: accuracy: 0.822 ; loss: 2.314
2019-10-28 17:35:26,676:INFO: - Eval metrics : accuracy: 0.827 ; loss: 2.006
2019-10-28 17:35:26,721:INFO: Epoch 89/100
2019-10-28 17:35:33,574:INFO: - Train metrics: accuracy: 0.838 ; loss: 2.313
2019-10-28 17:35:34,737:INFO: - Eval metrics : accuracy: 0.820 ; loss: 2.018
2019-10-28 17:35:34,782:INFO: Epoch 90/100
2019-10-28 17:35:41,718:INFO: - Train metrics: accuracy: 0.820 ; loss: 2.337
2019-10-28 17:35:42,897:INFO: - Eval metrics : accuracy: 0.829 ; loss: 2.004
2019-10-28 17:35:42,942:INFO: Epoch 91/100
2019-10-28 17:35:49,838:INFO: - Train metrics: accuracy: 0.818 ; loss: 2.312
2019-10-28 17:35:50,990:INFO: - Eval metrics : accuracy: 0.829 ; loss: 2.021
2019-10-28 17:35:51,035:INFO: Epoch 92/100
2019-10-28 17:35:57,908:INFO: - Train metrics: accuracy: 0.805 ; loss: 2.314
2019-10-28 17:35:59,066:INFO: - Eval metrics : accuracy: 0.830 ; loss: 2.013
2019-10-28 17:35:59,160:INFO: - Found new best accuracy
2019-10-28 17:35:59,161:INFO: Epoch 93/100
2019-10-28 17:36:06,032:INFO: - Train metrics: accuracy: 0.850 ; loss: 2.306
2019-10-28 17:36:07,195:INFO: - Eval metrics : accuracy: 0.834 ; loss: 2.012
2019-10-28 17:36:07,279:INFO: - Found new best accuracy
2019-10-28 17:36:07,279:INFO: Epoch 94/100
2019-10-28 17:36:14,210:INFO: - Train metrics: accuracy: 0.816 ; loss: 2.305
2019-10-28 17:36:15,366:INFO: - Eval metrics : accuracy: 0.828 ; loss: 2.015
2019-10-28 17:36:15,403:INFO: Epoch 95/100
2019-10-28 17:36:22,261:INFO: - Train metrics: accuracy: 0.820 ; loss: 2.316
2019-10-28 17:36:23,419:INFO: - Eval metrics : accuracy: 0.829 ; loss: 2.008
2019-10-28 17:36:23,464:INFO: Epoch 96/100
2019-10-28 17:36:30,312:INFO: - Train metrics: accuracy: 0.844 ; loss: 2.302
2019-10-28 17:36:31,455:INFO: - Eval metrics : accuracy: 0.833 ; loss: 2.006
2019-10-28 17:36:31,501:INFO: Epoch 97/100
2019-10-28 17:36:38,341:INFO: - Train metrics: accuracy: 0.832 ; loss: 2.322
2019-10-28 17:36:39,477:INFO: - Eval metrics : accuracy: 0.835 ; loss: 2.010
2019-10-28 17:36:39,561:INFO: - Found new best accuracy
2019-10-28 17:36:39,562:INFO: Epoch 98/100
2019-10-28 17:36:46,490:INFO: - Train metrics: accuracy: 0.795 ; loss: 2.317
2019-10-28 17:36:47,635:INFO: - Eval metrics : accuracy: 0.838 ; loss: 2.003
2019-10-28 17:36:47,720:INFO: - Found new best accuracy
2019-10-28 17:36:47,721:INFO: Epoch 99/100
2019-10-28 17:36:54,589:INFO: - Train metrics: accuracy: 0.844 ; loss: 2.305
2019-10-28 17:36:55,744:INFO: - Eval metrics : accuracy: 0.830 ; loss: 2.008
2019-10-28 17:36:55,791:INFO: Epoch 100/100
2019-10-28 17:37:02,675:INFO: - Train metrics: accuracy: 0.850 ; loss: 2.318
2019-10-28 17:37:03,811:INFO: - Eval metrics : accuracy: 0.839 ; loss: 2.007
2019-10-28 17:37:03,895:INFO: - Found new best accuracy
